<?xml version="1.0" encoding="UTF-8"?>
<testng-results ignored="0" total="1" passed="1" failed="0" skipped="0">
  <reporter-output>
  </reporter-output>
  <suite started-at="2022-07-07T21:25:29 IST" name="Default suite" finished-at="2022-07-07T21:25:37 IST" duration-ms="8271">
    <groups>
    </groups>
    <test started-at="2022-07-07T21:25:29 IST" name="Default test" finished-at="2022-07-07T21:25:37 IST" duration-ms="8271">
      <class name="com.smoketest.DragDrop">
        <test-method signature="Test1()[pri:0, instance:com.smoketest.DragDrop@323b36e0]" started-at="2022-07-07T21:25:29 IST" name="Test1" finished-at="2022-07-07T21:25:37 IST" duration-ms="8163" status="PASS">
          <reporter-output>
          </reporter-output>
        </test-method> <!-- Test1 -->
      </class> <!-- com.smoketest.DragDrop -->
    </test> <!-- Default test -->
  </suite> <!-- Default suite -->
</testng-results>
