<?xml version="1.0" encoding="UTF-8"?>
<testng-results ignored="0" total="3" passed="3" failed="0" skipped="0">
  <reporter-output>
  </reporter-output>
  <suite started-at="2022-07-07T21:36:09 IST" name="Suite" finished-at="2022-07-07T21:36:35 IST" duration-ms="25513">
    <groups>
    </groups>
    <test started-at="2022-07-07T21:36:09 IST" name="Test" finished-at="2022-07-07T21:36:35 IST" duration-ms="25513">
      <class name="com.smoketest.DragDrop">
        <test-method signature="Test1()[pri:0, instance:com.smoketest.DragDrop@4b14c583]" started-at="2022-07-07T21:36:09 IST" name="Test1" finished-at="2022-07-07T21:36:17 IST" duration-ms="8013" status="PASS">
          <reporter-output>
          </reporter-output>
        </test-method> <!-- Test1 -->
      </class> <!-- com.smoketest.DragDrop -->
      <class name="com.smoketest.MultiTest">
        <test-method is-config="true" signature="Initalization()[pri:0, instance:com.smoketest.MultiTest@cd3fee8]" started-at="2022-07-07T21:36:17 IST" name="Initalization" finished-at="2022-07-07T21:36:22 IST" duration-ms="5082" status="PASS">
          <reporter-output>
          </reporter-output>
        </test-method> <!-- Initalization -->
        <test-method signature="AdvanceDropDown()[pri:0, instance:com.smoketest.MultiTest@cd3fee8]" started-at="2022-07-07T21:36:22 IST" name="AdvanceDropDown" finished-at="2022-07-07T21:36:29 IST" duration-ms="6770" status="PASS">
          <reporter-output>
          </reporter-output>
        </test-method> <!-- AdvanceDropDown -->
        <test-method signature="SelectDropDown()[pri:0, instance:com.smoketest.MultiTest@cd3fee8]" started-at="2022-07-07T21:36:29 IST" name="SelectDropDown" finished-at="2022-07-07T21:36:33 IST" duration-ms="3434" status="PASS">
          <reporter-output>
          </reporter-output>
        </test-method> <!-- SelectDropDown -->
        <test-method is-config="true" signature="Cleanup()[pri:0, instance:com.smoketest.MultiTest@cd3fee8]" started-at="2022-07-07T21:36:33 IST" name="Cleanup" finished-at="2022-07-07T21:36:35 IST" duration-ms="2120" status="PASS">
          <reporter-output>
          </reporter-output>
        </test-method> <!-- Cleanup -->
      </class> <!-- com.smoketest.MultiTest -->
    </test> <!-- Test -->
  </suite> <!-- Suite -->
</testng-results>
