<?xml version="1.0" encoding="UTF-8"?>
<!-- Generated by org.testng.reporters.JUnitXMLReporter -->
<testsuite ignored="0" hostname="nagabhushan" failures="0" tests="3" name="Test" time="25.513" errors="0" timestamp="2022-07-07T21:36:35 IST">
  <testcase classname="com.smoketest.DragDrop" name="Test1" time="8.013"/>
  <testcase classname="com.smoketest.MultiTest" name="AdvanceDropDown" time="6.77"/>
  <testcase classname="com.smoketest.MultiTest" name="SelectDropDown" time="3.434"/>
</testsuite> <!-- Test -->
